[debug] [2020-12-17T14:41:51.495Z] ----------------------------------------------------------------------
[debug] [2020-12-17T14:41:51.497Z] Command:       /usr/local/bin/firebase /root/.cache/firebase/tools/lib/node_modules/firebase-tools/lib/bin/firebase deploy
[debug] [2020-12-17T14:41:51.498Z] CLI Version:   8.19.0
[debug] [2020-12-17T14:41:51.498Z] Platform:      linux
[debug] [2020-12-17T14:41:51.498Z] Node Version:  v12.18.1
[debug] [2020-12-17T14:41:51.503Z] Time:          Thu Dec 17 2020 20:11:51 GMT+0530 (India Standard Time)
[debug] [2020-12-17T14:41:51.503Z] ----------------------------------------------------------------------
[debug] [2020-12-17T14:41:51.503Z] 
[debug] [2020-12-17T14:41:51.513Z] > command requires scopes: ["email","openid","https://www.googleapis.com/auth/cloudplatformprojects.readonly","https://www.googleapis.com/auth/firebase","https://www.googleapis.com/auth/cloud-platform"]
[debug] [2020-12-17T14:41:51.514Z] > authorizing via signed-in user
[debug] [2020-12-17T14:41:51.514Z] [iam] checking project twister-bff3 for permissions ["firebase.projects.get","firebasehosting.sites.update"]
[debug] [2020-12-17T14:41:51.518Z] >>> HTTP REQUEST POST https://cloudresourcemanager.googleapis.com/v1/projects/twister-bff3:testIamPermissions  
 {"permissions":["firebase.projects.get","firebasehosting.sites.update"]}
[debug] [2020-12-17T14:41:53.016Z] <<< HTTP RESPONSE 200 {"content-type":"application/json; charset=UTF-8","vary":"X-Origin, Referer, Origin,Accept-Encoding","date":"Thu, 17 Dec 2020 14:41:52 GMT","server":"ESF","cache-control":"private","x-xss-protection":"0","x-frame-options":"SAMEORIGIN","x-content-type-options":"nosniff","server-timing":"gfet4t7; dur=1220","alt-svc":"h3-29=\":443\"; ma=2592000,h3-T051=\":443\"; ma=2592000,h3-Q050=\":443\"; ma=2592000,h3-Q046=\":443\"; ma=2592000,h3-Q043=\":443\"; ma=2592000,quic=\":443\"; ma=2592000; v=\"46,43\"","accept-ranges":"none","transfer-encoding":"chunked"}
[debug] [2020-12-17T14:41:53.021Z] >>> HTTP REQUEST GET https://firebase.googleapis.com/v1beta1/projects/twister-bff3  
 
[debug] [2020-12-17T14:41:53.390Z] <<< HTTP RESPONSE 200 {"content-type":"application/json; charset=UTF-8","vary":"X-Origin, Referer, Origin,Accept-Encoding","date":"Thu, 17 Dec 2020 14:41:53 GMT","server":"ESF","cache-control":"private","x-xss-protection":"0","x-frame-options":"SAMEORIGIN","x-content-type-options":"nosniff","alt-svc":"h3-29=\":443\"; ma=2592000,h3-T051=\":443\"; ma=2592000,h3-Q050=\":443\"; ma=2592000,h3-Q046=\":443\"; ma=2592000,h3-Q043=\":443\"; ma=2592000,quic=\":443\"; ma=2592000; v=\"46,43\"","accept-ranges":"none","transfer-encoding":"chunked"}
[info] 
[info] === Deploying to 'twister-bff3'...
[info] 
[info] i  deploying hosting 
[debug] [2020-12-17T14:41:53.403Z] >>> HTTP REQUEST POST https://firebasehosting.googleapis.com/v1beta1/sites/twister-bff3/versions  
 {"config":{"rewrites":[{"glob":"**","path":"/index.html"}]},"labels":{"deployment-tool":"cli-firebase"}}
[debug] [2020-12-17T14:42:05.055Z] <<< HTTP RESPONSE 503 {"vary":"X-Origin, Referer, Origin,Accept-Encoding","content-type":"application/json; charset=UTF-8","date":"Thu, 17 Dec 2020 14:42:04 GMT","server":"ESF","cache-control":"private","x-xss-protection":"0","x-frame-options":"SAMEORIGIN","x-content-type-options":"nosniff","alt-svc":"h3-29=\":443\"; ma=2592000,h3-T051=\":443\"; ma=2592000,h3-Q050=\":443\"; ma=2592000,h3-Q046=\":443\"; ma=2592000,h3-Q043=\":443\"; ma=2592000,quic=\":443\"; ma=2592000; v=\"46,43\"","accept-ranges":"none","transfer-encoding":"chunked"}
[debug] [2020-12-17T14:42:05.056Z] <<< HTTP RESPONSE BODY {"error":{"code":503,"message":"The service is currently unavailable.","status":"UNAVAILABLE"}}
[error] 
[error] Error: HTTP Error: 503, The service is currently unavailable.
[debug] [2020-12-17T14:42:05.061Z] Error Context: {
  "body": {
    "error": {
      "code": 503,
      "message": "The service is currently unavailable.",
      "status": "UNAVAILABLE"
    }
  },
  "response": {
    "statusCode": 503,
    "body": {
      "error": {
        "code": 503,
        "message": "The service is currently unavailable.",
        "status": "UNAVAILABLE"
      }
    },
    "headers": {
      "vary": "X-Origin, Referer, Origin,Accept-Encoding",
      "content-type": "application/json; charset=UTF-8",
      "date": "Thu, 17 Dec 2020 14:42:04 GMT",
      "server": "ESF",
      "cache-control": "private",
      "x-xss-protection": "0",
      "x-frame-options": "SAMEORIGIN",
      "x-content-type-options": "nosniff",
      "alt-svc": "h3-29=\":443\"; ma=2592000,h3-T051=\":443\"; ma=2592000,h3-Q050=\":443\"; ma=2592000,h3-Q046=\":443\"; ma=2592000,h3-Q043=\":443\"; ma=2592000,quic=\":443\"; ma=2592000; v=\"46,43\"",
      "accept-ranges": "none",
      "transfer-encoding": "chunked"
    },
    "request": {
      "uri": {
        "protocol": "https:",
        "slashes": true,
        "auth": null,
        "host": "firebasehosting.googleapis.com",
        "port": 443,
        "hostname": "firebasehosting.googleapis.com",
        "hash": null,
        "search": null,
        "query": null,
        "pathname": "/v1beta1/sites/twister-bff3/versions",
        "path": "/v1beta1/sites/twister-bff3/versions",
        "href": "https://firebasehosting.googleapis.com/v1beta1/sites/twister-bff3/versions"
      },
      "method": "POST"
    }
  }
}
